C51 COMPILER V9.59.0.0   MAIN                                                              01/24/2026 19:45:15 PAGE 1   


C51 COMPILER V9.59.0.0, COMPILATION OF MODULE MAIN
OBJECT MODULE PLACED IN .\Objects\main.obj
COMPILER INVOKED BY: D:\keilc51\C51\BIN\C51.EXE main.c OPTIMIZE(8,SPEED) BROWSE INCDIR(..\Driver) DEBUG OBJECTEXTEND PRI
                    -NT(.\Listings\main.lst) TABS(2) OBJECT(.\Objects\main.obj)

line level    source

   1          /* 头文件声明区 */
   2          #include <REGX52.H>//单片机寄存器专用头文件
   3          #include <Key.h>//按键底层驱动专用头文件
   4          #include <Seg.h>//数码管底层驱动专用头文件
   5          #include <intrins.h>
   6          #include <Led.h>
   7          /* 变量声明区 */
   8          unsigned char Key_Val,Key_Down,Key_Old,Key_Up;//按键专用变量
   9          unsigned char Key_Slow_Down;//按键减速专用变量
  10          unsigned char Seg_Buf[6] = {10,10,10,10,10,10};//数码管显示数据存放数组
  11          unsigned char Seg_Point[6] = {0,0,0,0,0,0};//数码管小数点数据存放数组
  12          unsigned char Seg_Pos;//数码管扫描专用变量
  13          unsigned int Seg_Slow_Down;//数码管减速专用变量
  14          unsigned char Led_Mod ;//Led模式 0-模式一：从左到右 1-模式二：从右到左 2-模式三 3-模
             -式四
  15          unsigned char Led_Num,Led_Old;//Led编号
  16          unsigned char Led_Num1,Led_Old1;
  17          unsigned char Led_Num2,Led_Old2,Led_Num2s,Led_Old2s;
  18          unsigned char Led_Num3,Led_Old3,Led_Num3s,Led_Old3s;
  19          unsigned int Time[9] = {400,500,600,700,800,900,1000,1100,1200};//流转时间数组
  20          unsigned char Time_Index;//流转时间数组索引
  21          bit System_Flag ;//系统标志位
  22          unsigned int Led_Set_Data [4] = {400,400,400,400};//各模式流转时间
  23          unsigned int System_Tick;//流转时间计数
  24          unsigned char Set_Mod;//模式变量
  25          bit Setting;//模式标志位
  26          unsigned char State[3] = {11,12,13};//S A -
  27          unsigned char Mod_Set;//模式设置
  28          unsigned int Setting_Tick;
  29          bit Setting_Flag;
  30          
  31          /* 键盘处理函数 */
  32          void Key_Proc()
  33          {
  34   1        if (Key_Slow_Down) return;
  35   1        Key_Slow_Down = 1;//按键减速程序
  36   1        
  37   1        Key_Val = Key_Read();//读取按下的键值
  38   1        Key_Down = Key_Val & (Key_Val ^ Key_Old);//下降沿
  39   1        Key_Up = Key_Old & (Key_Val ^ Key_Old);//上升沿
  40   1        
  41   1        Key_Old = Key_Val;//辅助扫描
  42   1        
  43   1        switch(Key_Down)
  44   1        {
  45   2          case 7:
  46   2            System_Flag ^= 1;
  47   2          break;
  48   2          case 6:
  49   2            if(System_Flag == 0)
  50   2            {
  51   3              if(++Set_Mod == 3)
  52   3              {
  53   4                Set_Mod = 0;
C51 COMPILER V9.59.0.0   MAIN                                                              01/24/2026 19:45:15 PAGE 2   

  54   4                Setting = 0;
  55   4              }
  56   3              else
  57   3              {
  58   4                Setting = 1;
  59   4              }
  60   3            }
  61   2          break;
  62   2          case 5:
  63   2            if(Setting == 1) 
  64   2            {
  65   3              if(Set_Mod == 1) 
  66   3              {
  67   4                
  68   4              }else
  69   3              {
  70   4                
  71   4              }
  72   3            }
  73   2          break;
  74   2          case 4:
  75   2            if(Setting == 1) 
  76   2            {
  77   3              if(Set_Mod == 1) 
  78   3              {
  79   4                
  80   4              }else
  81   3              {
  82   4                
  83   4              }
  84   3            }
  85   2          break;
  86   2            
  87   2        }
  88   1      }
  89          
  90          
  91          
  92          /* 信息处理函数 */
  93          void Seg_Proc()
  94          {
  95   1        if (Seg_Slow_Down) return;
  96   1        Seg_Slow_Down =1 ;
  97   1        if(Setting == 0)
  98   1        {
  99   2          
 100   2          Seg_Buf[0] = State[System_Flag];
 101   2          Seg_Buf[1] = Led_Mod +1;
 102   2          Seg_Buf[3] = Led_Set_Data[Led_Mod]/100;
 103   2          Seg_Buf[4] = Led_Set_Data[Led_Mod]%100 /10;
 104   2          Seg_Buf[5] = Led_Set_Data[Led_Mod]%100 %10;
 105   2        }else
 106   1        {
 107   2          // 始终先设置显示内容
 108   2          Seg_Buf[0] = State[2];
 109   2          Mod_Set = Led_Mod;
 110   2          Seg_Buf[1] = Mod_Set + 1;
 111   2          Seg_Buf[3] = Led_Set_Data[Mod_Set]/100;
 112   2          Seg_Buf[4] = Led_Set_Data[Mod_Set]%100 /10;
 113   2          Seg_Buf[5] = Led_Set_Data[Mod_Set]%100 %10;
 114   2      
 115   2          // 根据闪烁标志清除对应位置
C51 COMPILER V9.59.0.0   MAIN                                                              01/24/2026 19:45:15 PAGE 3   

 116   2          if(Setting_Flag == 1)
 117   2          {
 118   3            if(Set_Mod == 1)
 119   3            {
 120   4              Seg_Buf[0] = 10;
 121   4              Seg_Buf[1] = 10;
 122   4            }
 123   3            else if(Set_Mod == 2)
 124   3            {
 125   4              Seg_Buf[3] = 10;
 126   4              Seg_Buf[4] = 10;
 127   4              Seg_Buf[5] = 10;
 128   4            }
 129   3          }
 130   2      
 131   2        }
 132   1        
 133   1        
 134   1      }
 135          
 136          
 137          
 138          
 139          /* 其他显示函数 */
 140          void Led_Proc()
 141          {
 142   1        if(System_Tick == Led_Set_Data[Led_Mod])
 143   1        {
 144   2          System_Tick = 0;
 145   2          switch(Led_Mod)
 146   2          {
 147   3            case 0:
 148   3            if(Led_Num == 8) Led_Num = 0;
 149   3            Led_Disp(Led_Old,0);
 150   3            Led_Disp(Led_Num,1);
 151   3            Led_Old = Led_Num;
 152   3            Led_Num ++;
 153   3            if(Led_Old == 7) Led_Mod = 1;
 154   3            break;
 155   3            case 1:
 156   3            if(--Led_Num1 == 255) Led_Num1 = 7;
 157   3            Led_Disp(Led_Old1,0);
 158   3            Led_Disp(Led_Num1,1);
 159   3            Led_Old1 = Led_Num1;
 160   3            if(Led_Old1 == 0) Led_Mod = 2;
 161   3      
 162   3            break;
 163   3            case 2:
 164   3            if(Led_Num2 == 4) Led_Num2 = 0;
 165   3            Led_Num2s = 7 - Led_Num2;
 166   3            Led_Disp(Led_Old2s,0);
 167   3            Led_Disp(Led_Old2,0);
 168   3            Led_Disp(Led_Num2s,1);
 169   3            Led_Disp(Led_Num2,1);
 170   3            Led_Old2 = Led_Num2;
 171   3            Led_Old2s = Led_Num2s;
 172   3            Led_Num2 ++;
 173   3            if(Led_Old2 == 3) Led_Mod = 3;
 174   3            break;
 175   3            case 3:
 176   3            if(--Led_Num3 == 255) Led_Num3 = 3;
 177   3            Led_Num3s = 7 - Led_Num3;
C51 COMPILER V9.59.0.0   MAIN                                                              01/24/2026 19:45:15 PAGE 4   

 178   3            Led_Disp(Led_Old3s,0);
 179   3            Led_Disp(Led_Old3,0);
 180   3            Led_Disp(Led_Num3s,1);
 181   3            Led_Disp(Led_Num3,1);
 182   3            Led_Old3 = Led_Num3;
 183   3            Led_Old3s = Led_Num3s;
 184   3            if(Led_Old3 == 0) Led_Mod = 0;
 185   3            break;
 186   3            
 187   3          }
 188   2        }
 189   1      
 190   1        
 191   1      }
 192          
 193          
 194          
 195          
 196          /* 定时器0中断初始化函数 */
 197          void Timer0Init(void)   //1毫秒@12.000MHz
 198          {
 199   1        TMOD &= 0xF0;   //设置定时器模式
 200   1        TMOD |= 0x01;   //设置定时器模式
 201   1        TL0 = 0x18;   //设置定时初始值
 202   1        TH0 = 0xFC;   //设置定时初始值
 203   1        TF0 = 0;    //清除TF0标志
 204   1        TR0 = 1;    //定时器0开始计时
 205   1        ET0 = 1;    //定时器0中断打开
 206   1        EA = 1;     //总中断打开
 207   1      }
 208          
 209          
 210          /* 定时器0中断服务函数 */
 211          void Timer0Server() interrupt 1
 212          {
 213   1        TL0 = 0x18;   //设置定时初始值
 214   1        TH0 = 0xFC;   //设置定时初始值   
 215   1        if(++Key_Slow_Down == 10) Key_Slow_Down = 0;//键盘减速专用
 216   1        if(++Seg_Slow_Down == 50) Seg_Slow_Down = 0;//数码管减速专用
 217   1        if(++Seg_Pos == 6) Seg_Pos = 0;//数码管显示专用
 218   1        Seg_Disp(Seg_Pos, Seg_Buf[Seg_Pos], Seg_Point[Seg_Pos]);
 219   1        if(System_Flag)
 220   1        {
 221   2          System_Tick ++;
 222   2        }
 223   1        if(Setting)
 224   1        {
 225   2          if(++Setting_Tick == 400)
 226   2          {
 227   3            Setting_Tick = 0;
 228   3            Setting_Flag ^= 1;
 229   3          }
 230   2        }
 231   1        
 232   1        
 233   1        
 234   1          
 235   1      
 236   1        
 237   1      }
 238          
 239          /* Main */
C51 COMPILER V9.59.0.0   MAIN                                                              01/24/2026 19:45:15 PAGE 5   

 240          void main()
 241          {
 242   1        Timer0Init();
 243   1        while (1)
 244   1        {
 245   2          Key_Proc();
 246   2          Seg_Proc();
 247   2          Led_Proc();
 248   2        }
 249   1      }


MODULE INFORMATION:   STATIC OVERLAYABLE
   CODE SIZE        =    740    ----
   CONSTANT SIZE    =   ----    ----
   XDATA SIZE       =   ----    ----
   PDATA SIZE       =   ----    ----
   DATA SIZE        =     69    ----
   IDATA SIZE       =   ----    ----
   BIT SIZE         =      3    ----
END OF MODULE INFORMATION.


C51 COMPILATION COMPLETE.  0 WARNING(S),  0 ERROR(S)
