C51 COMPILER V9.59.0.0   DS1302                                                            02/08/2026 00:17:17 PAGE 1   


C51 COMPILER V9.59.0.0, COMPILATION OF MODULE DS1302
OBJECT MODULE PLACED IN .\Objects\ds1302.obj
COMPILER INVOKED BY: D:\keilc51\C51\BIN\C51.EXE ..\Driver\ds1302.c OPTIMIZE(8,SPEED) BROWSE INCDIR(..\Driver) DEBUG OBJE
                    -CTEXTEND PRINT(.\Listings\ds1302.lst) TABS(2) OBJECT(.\Objects\ds1302.obj)

line level    source

   1          /*  #   DS1302ä»£ç ç‰‡æ®µè¯´æ˜
   2            1.  æœ¬æ–‡ä»¶å¤¹ä¸­æä¾›çš„é©±åŠ¨ä»£ç ä¾›å‚èµ›é€‰æ‰‹å®Œæˆç¨‹åºè®¾è®¡å‚è€ƒã€‚
   3            2.  å‚èµ›é€‰æ‰‹å¯ä»¥è‡ªè¡Œç¼–å†™ç›¸å…³ä»£ç æˆ–ä»¥è¯¥ä»£ç ä¸ºåŸºç¡€ï¼Œæ ¹æ®æ‰€é€‰å•ç‰‡æœºç±»å‹ã€è¿
             -è¡Œé€Ÿåº¦å’Œè¯•é¢˜
   4              ä¸­å¯¹å•ç‰‡æœºæ—¶é’Ÿé¢‘ç‡çš„è¦æ±‚ï¼Œè¿›è¡Œä»£ç è°ƒè¯•å’Œä¿®æ”¹ã€‚
   5          */                
   6          #include "ds1302.h"
   7          sbit SCK = P1^7;
   8          sbit SDA = P2^3;
   9          sbit RST = P1^3;
  10          //
  11          void Write_Ds1302(unsigned  char temp) 
  12          {
  13   1        unsigned char i;
  14   1        for (i=0;i<8;i++)       
  15   1        { 
  16   2          SCK = 0;
  17   2          SDA = temp&0x01;
  18   2          temp>>=1; 
  19   2          SCK=1;
  20   2        }
  21   1      }   
  22          
  23          //
  24          void Write_Ds1302_Byte( unsigned char address,unsigned char dat )     
  25          {
  26   1        RST=0;  _nop_();
  27   1        SCK=0;  _nop_();
  28   1        RST=1;  _nop_();  
  29   1        Write_Ds1302(address);  
  30   1        Write_Ds1302(dat);    
  31   1        RST=0; 
  32   1      }
  33          
  34          //
  35          unsigned char Read_Ds1302_Byte ( unsigned char address )
  36          {
  37   1        unsigned char i,temp=0x00;
  38   1        RST=0;  _nop_();
  39   1        SCK=0;  _nop_();
  40   1        RST=1;  _nop_();
  41   1        Write_Ds1302(address);
  42   1        for (i=0;i<8;i++)   
  43   1        {   
  44   2          SCK=0;
  45   2          temp>>=1; 
  46   2          if(SDA)
  47   2          temp|=0x80; 
  48   2          SCK=1;
  49   2        } 
  50   1        RST=0;  _nop_();
  51   1        SCK=0;  _nop_();
  52   1        SCK=1;  _nop_();
  53   1        SDA=0;  _nop_();
C51 COMPILER V9.59.0.0   DS1302                                                            02/08/2026 00:17:17 PAGE 2   

  54   1        SDA=1;  _nop_();
  55   1        return (temp);      
  56   1      }
  57          
  58          //å†™å…¥11:12:13-> 0x11 0x12 0x13
  59          void Set_Rtc(unsigned char *ucRtc)
  60          {
  61   1        unsigned char i;
  62   1        Write_Ds1302_Byte(0x8e, 0x00);//å…³é—­å†™ä¿æŠ¤
  63   1        Write_Ds1302_Byte(0x80, 0x80);//å…³é—­CH, åœæ­¢è®¡æ—¶
  64   1        for(i=0;i<3;i++)
  65   1        {
  66   2          Write_Ds1302_Byte(0x84-2*i,ucRtc[i]/10*16 + ucRtc[i]%10);//åè¿›åˆ¶è½¬åå…­è¿›åˆ¶BCDç å†™å…¥
  67   2        }
  68   1        Write_Ds1302_Byte(0x8e, 0x80);//å¼€å¯å†™ä¿æŠ¤
  69   1      }
  70          
  71          //è¯»å–0x11 x12 0x13 ->11:12:13
  72          void Read_Rtc(unsigned char *ucRtc)
  73          {
  74   1        unsigned char i;
  75   1        unsigned char temp;
  76   1        EA = 0;
  77   1        for(i=0; i<3;i++)
  78   1        {
  79   2          temp = Read_Ds1302_Byte(0x85-2*i);
  80   2          ucRtc[i] = temp/16*10+temp%16;//åå…­è¿›åˆ¶BCDç è½¬åè¿›åˆ¶
  81   2        }
  82   1        EA = 1;
  83   1      }


MODULE INFORMATION:   STATIC OVERLAYABLE
   CODE SIZE        =    260    ----
   CONSTANT SIZE    =   ----    ----
   XDATA SIZE       =   ----    ----
   PDATA SIZE       =   ----    ----
   DATA SIZE        =   ----       6
   IDATA SIZE       =   ----    ----
   BIT SIZE         =   ----    ----
END OF MODULE INFORMATION.


C51 COMPILATION COMPLETE.  0 WARNING(S),  0 ERROR(S)
