C51 COMPILER V9.59.0.0   INIT                                                              02/05/2026 23:33:34 PAGE 1   


C51 COMPILER V9.59.0.0, COMPILATION OF MODULE INIT
OBJECT MODULE PLACED IN .\Objects\Init.obj
COMPILER INVOKED BY: D:\keilc51\C51\BIN\C51.EXE ..\Driver\Init.c OPTIMIZE(8,SPEED) BROWSE INCDIR(..\Driver) DEBUG OBJECT
                    -EXTEND PRINT(.\Listings\Init.lst) TABS(2) OBJECT(.\Objects\Init.obj)

line level    source

   1          #include "init.h"
   2          void System_Init()
   3          {
   4   1        unsigned char temp;
   5   1        //关闭LED
   6   1        P0 = 0xff;
   7   1        
   8   1        temp = P2 & 0x1f;
   9   1        temp = temp|0x80;
  10   1        P2 = temp;
  11   1        temp = P2 & 0x1f;
  12   1        P2 = temp;
  13   1        
  14   1        //关闭继电器，蜂鸣器，电机
  15   1        P0 = 0x00;
  16   1        temp = P2 & 0x1f;
  17   1        temp = temp|0xa0;
  18   1        P2 = temp;
  19   1        temp = P2 & 0x1f;
  20   1        P2 = temp;
  21   1        
  22   1        
  23   1      }


MODULE INFORMATION:   STATIC OVERLAYABLE
   CODE SIZE        =     39    ----
   CONSTANT SIZE    =   ----    ----
   XDATA SIZE       =   ----    ----
   PDATA SIZE       =   ----    ----
   DATA SIZE        =   ----    ----
   IDATA SIZE       =   ----    ----
   BIT SIZE         =   ----    ----
END OF MODULE INFORMATION.


C51 COMPILATION COMPLETE.  0 WARNING(S),  0 ERROR(S)
