C51 COMPILER V9.59.0.0   KEY                                                               02/05/2026 23:33:33 PAGE 1   


C51 COMPILER V9.59.0.0, COMPILATION OF MODULE KEY
OBJECT MODULE PLACED IN .\Objects\Key.obj
COMPILER INVOKED BY: D:\keilc51\C51\BIN\C51.EXE ..\Driver\Key.c OPTIMIZE(8,SPEED) BROWSE INCDIR(..\Driver) DEBUG OBJECTE
                    -XTEND PRINT(.\Listings\Key.lst) TABS(2) OBJECT(.\Objects\Key.obj)

line level    source

   1          #include "Key.h"
   2          
   3          
   4          unsigned char Key_Read()
   5          {
   6   1        unsigned char temp = 0;
   7   1        
   8   1        //独立按键
   9   1        /*
  10   1        if(P30 == 0) temp = 7;
  11   1        if(P31 == 0) temp = 6;
  12   1        if(P32 == 0) temp = 5;
  13   1        if(P33 == 0) temp = 4;
  14   1        */
  15   1        
  16   1        //矩阵按键
  17   1        //如果需要测量频率，则需注释与P34相关
  18   1        P44 = 1;P42 = 1;P35 = 1;//P34 = 1;
  19   1        if(P30 == 0) return 0;
  20   1        P44 = 0;P42 = 1; P35 = 1;//P34 = 1;
  21   1        if(P30 == 0) temp = 7;
  22   1        if(P31 == 0) temp = 6;
  23   1        if(P32 == 0) temp = 5;
  24   1        if(P33 == 0) temp = 4;
  25   1        
  26   1        P44 = 1;P42 = 1;P35 = 1;//P34 = 1;
  27   1        if(P30 == 0) return 0;
  28   1        P44 = 1;P42 = 0; P35 = 1;//P34 = 1;
  29   1        if(P30 == 0) temp = 11;
  30   1        if(P31 == 0) temp = 10;
  31   1        if(P32 == 0) temp = 9;
  32   1        if(P33 == 0) temp = 8;
  33   1        
  34   1        P44 = 1;P42 = 1;P35 = 1;//P34 = 1;
  35   1        if(P30 == 0) return 0;
  36   1        P44 = 1;P42 = 1; P35 = 0;//P34 = 1;
  37   1        if(P30 == 0) temp = 15;
  38   1        if(P31 == 0) temp = 14;
  39   1        if(P32 == 0) temp = 13;
  40   1        if(P33 == 0) temp = 12;
  41   1        
  42   1        //频率
  43   1        /*
  44   1        P44 = 1;P42 = 1;P35 = 1;//P34 = 1;
  45   1        if(P30 == 0) return 0;
  46   1        P44 = 1;P42 = 1; P35 = 1;P34 = 0;
  47   1        if(P30 == 0) temp = 19;
  48   1        if(P31 == 0) temp = 18;
  49   1        if(P32 == 0) temp = 17;
  50   1        if(P33 == 0) temp = 16;
  51   1        */
  52   1        
  53   1        P44 = 1;P42 = 1;P35 = 1;//P34 = 1;
  54   1        P3 = P3|0xef;//1110 1111,不影响频率测量，让P3变为双向口
C51 COMPILER V9.59.0.0   KEY                                                               02/05/2026 23:33:33 PAGE 2   

  55   1        
  56   1        
  57   1        
  58   1        
  59   1        
  60   1        
  61   1        return temp;
  62   1        
  63   1      }


MODULE INFORMATION:   STATIC OVERLAYABLE
   CODE SIZE        =    124    ----
   CONSTANT SIZE    =   ----    ----
   XDATA SIZE       =   ----    ----
   PDATA SIZE       =   ----    ----
   DATA SIZE        =   ----    ----
   IDATA SIZE       =   ----    ----
   BIT SIZE         =   ----    ----
END OF MODULE INFORMATION.


C51 COMPILATION COMPLETE.  0 WARNING(S),  0 ERROR(S)
