C51 COMPILER V9.59.0.0   MAIN                                                              02/05/2026 21:08:19 PAGE 1   


C51 COMPILER V9.59.0.0, COMPILATION OF MODULE MAIN
OBJECT MODULE PLACED IN .\Objects\main.obj
COMPILER INVOKED BY: D:\keilc51\C51\BIN\C51.EXE main.c OPTIMIZE(8,SPEED) BROWSE INCDIR(..\Driver) DEBUG OBJECTEXTEND PRI
                    -NT(.\Listings\main.lst) TABS(2) OBJECT(.\Objects\main.obj)

line level    source

   1          #include <STC15F2K60S2.H>
   2          #include "LED.h"
   3          #include "init.h"
   4          #include "Seg.h"
   5          pdata unsigned char ucLed[8] = {1,0,1,0,1,0,1,0};
   6          pdata unsigned char Seg_Buf[8] = {10,10,10,10,10,10,10,10};
   7          idata unsigned char Seg_Pos = 0;
   8          idata unsigned char Seg_Slow_Down;
   9          
  10          
  11          void Led_Proc()
  12          {
  13   1        ucLed[0] = 1;
  14   1        ucLed[1] = 0;
  15   1        ucLed[2] = 1;
  16   1        ucLed[3] = 0;
  17   1        ucLed[4] = 1;
  18   1        ucLed[5] = 0;
  19   1        ucLed[6] = 1;
  20   1        ucLed[7] = 0;
  21   1        Led_Disp(ucLed);
  22   1      }
  23          void Key_Proc()
  24          {
  25   1        Seg_Buf[0] = 1;
  26   1        Seg_Buf[1] = 2;
  27   1        Seg_Buf[2] = 3+',';
  28   1        Seg_Buf[3] = 4;
  29   1        Seg_Buf[4] = 5;
  30   1        Seg_Buf[5] = 6;
  31   1        Seg_Buf[6] = 7;
  32   1        Seg_Buf[7] = 8;
  33   1      }
  34          void Seg_Proc()
  35          {
  36   1        if(Seg_Slow_Down < 20) return;
  37   1        
  38   1      }
  39          
  40          void Timer1_Isr(void) interrupt 3
  41          {
  42   1        Seg_Slow_Down ++;
  43   1        Seg_Pos = (++Seg_Pos) % 8;
  44   1        if(Seg_Buf[Seg_Pos] > 20) 
  45   1        {
  46   2          Seg_Disp(Seg_Pos,Seg_Buf[Seg_Pos]- ',',1);
  47   2        }else
  48   1        {
  49   2          Seg_Disp(Seg_Pos,Seg_Buf[Seg_Pos],0);
  50   2        }
  51   1      }
  52          
  53          void Timer1_Init(void)    //1毫秒@12.000MHz
  54          {
C51 COMPILER V9.59.0.0   MAIN                                                              02/05/2026 21:08:19 PAGE 2   

  55   1        AUXR &= 0xBF;     //定时器时钟12T模式
  56   1        TMOD &= 0x0F;     //设置定时器模式
  57   1        TL1 = 0x18;       //设置定时初始值
  58   1        TH1 = 0xFC;       //设置定时初始值
  59   1        TF1 = 0;        //清除TF1标志
  60   1        TR1 = 1;        //定时器1开始计时
  61   1        ET1 = 1;        //使能定时器1中断
  62   1        EA =1 ;
  63   1      }
  64          
  65          
  66          
  67          
  68          
  69          void main()
  70          {
  71   1        System_Init();
  72   1        Timer1_Init();
  73   1        while(1)
  74   1        {
  75   2          Led_Proc();
  76   2          Key_Proc();
  77   2          Seg_Proc();
  78   2          
  79   2        }
  80   1      }


MODULE INFORMATION:   STATIC OVERLAYABLE
   CODE SIZE        =    205    ----
   CONSTANT SIZE    =   ----    ----
   XDATA SIZE       =   ----    ----
   PDATA SIZE       =     16    ----
   DATA SIZE        =   ----    ----
   IDATA SIZE       =      2    ----
   BIT SIZE         =   ----    ----
END OF MODULE INFORMATION.


C51 COMPILATION COMPLETE.  0 WARNING(S),  0 ERROR(S)
