C51 COMPILER V9.59.0.0   SEG                                                               02/07/2026 23:57:44 PAGE 1   


C51 COMPILER V9.59.0.0, COMPILATION OF MODULE SEG
OBJECT MODULE PLACED IN .\Objects\Seg.obj
COMPILER INVOKED BY: D:\keilc51\C51\BIN\C51.EXE ..\Driver\Seg.c OPTIMIZE(8,SPEED) BROWSE INCDIR(..\Driver) DEBUG OBJECTE
                    -XTEND PRINT(.\Listings\Seg.lst) TABS(2) OBJECT(.\Objects\Seg.obj)

line level    source

   1          #include "Seg.h"
   2          //0 1 2 3 4 5 6 7 8 9 灭
   3          
   4          
   5          pdata unsigned char Seg_Dula[] = {0xc0,0xF9,0xA4,0xB0,0x99,0x92,0x82,0xF8,0x80,0x90,0xff};
   6          
   7          void Seg_Disp(unsigned char Wela, unsigned char Dula, bit Point)
   8          {
   9   1        unsigned char temp;
  10   1        
  11   1        //消影
  12   1        P0 = 0xff;
  13   1        
  14   1        temp = P2 & 0x1f;
  15   1        temp = temp | 0xe0;
  16   1        P2 = temp;
  17   1        temp = P2 & 0x1f;
  18   1        P2 = temp;
  19   1        
  20   1        //位选
  21   1        P0 = 0x01 << Wela;
  22   1        
  23   1        temp = P2 & 0x1f;
  24   1        temp = temp | 0xc0;
  25   1        P2 = temp;
  26   1        temp = P2 & 0x1f;
  27   1        P2 = temp;
  28   1        
  29   1        //段选
  30   1        P0 = Seg_Dula[Dula];
  31   1        
  32   1        if(Point) P0 &= 0x7f;
  33   1        
  34   1        temp = P2 & 0x1f;
  35   1        temp = temp | 0xe0;
  36   1        P2 = temp;
  37   1        temp = P2 & 0x1f;
  38   1        P2 = temp;
  39   1        
  40   1      }
  41          
  42          
  43          
  44          
  45          
  46          
  47          
  48          
  49          


MODULE INFORMATION:   STATIC OVERLAYABLE
   CODE SIZE        =     79    ----
   CONSTANT SIZE    =   ----    ----
C51 COMPILER V9.59.0.0   SEG                                                               02/07/2026 23:57:44 PAGE 2   

   XDATA SIZE       =   ----    ----
   PDATA SIZE       =     11    ----
   DATA SIZE        =   ----    ----
   IDATA SIZE       =   ----    ----
   BIT SIZE         =   ----       1
END OF MODULE INFORMATION.


C51 COMPILATION COMPLETE.  0 WARNING(S),  0 ERROR(S)
