C51 COMPILER V9.59.0.0   MAIN                                                              01/19/2026 19:30:45 PAGE 1   


C51 COMPILER V9.59.0.0, COMPILATION OF MODULE MAIN
OBJECT MODULE PLACED IN .\Objects\main.obj
COMPILER INVOKED BY: D:\keilc51\C51\BIN\C51.EXE main.c OPTIMIZE(8,SPEED) BROWSE INCDIR(..\Driver) DEBUG OBJECTEXTEND PRI
                    -NT(.\Listings\main.lst) TABS(2) OBJECT(.\Objects\main.obj)

line level    source

   1          /* 头文件声明区 */
   2          #include <REGX52.H>//单片机寄存器专用头文件
   3          #include <Key.h>//按键底层驱动专用头文件
   4          #include <Seg.h>//数码管底层驱动专用头文件
   5          #include <intrins.h>
   6          #include <Led.h>
   7          /* 变量声明区 */
   8          unsigned char Key_Val,Key_Down,Key_Old,Key_Up;//按键专用变量
   9          unsigned char Key_Slow_Down;//按键减速专用变量
  10          unsigned char Seg_Buf[6] = {10,10,10,10,10,10};//数码管显示数据存放数组
  11          unsigned char Seg_Point[6] = {0,0,0,0,0,0};//数码管小数点数据存放数组
  12          unsigned char Seg_Pos;//数码管扫描专用变量
  13          unsigned char Seg_Point_Pos;//数码管小数点扫描专用变量
  14          unsigned int Seg_Slow_Down;//数码管减速专用变量
  15          unsigned char Seg_Disp_Mode;//数码管显示模式变量 0-运行状态界面 1-流转时间设置界面 
  16          unsigned int Time;//1000ms计时
  17          unsigned char Time_Counter = 30 ;//倒计时计数
  18          unsigned char Seg_Set_Buf[6] = {10,10,10,10,10,10};//设置界面数据存放数组
  19          bit Sys_Flag ;//系统标志位
  20          unsigned char Time_Buf[3]={30,60,15};//设置时钟区间
  21          unsigned char Time_Buf_Index ;//设置时钟区间索引
  22          unsigned int Time500;//模式二数码管闪烁计时
  23          bit Seg_Flag;
  24          /* 键盘处理函数 */
  25          void Key_Proc()
  26          {
  27   1        if (Key_Slow_Down) return;
  28   1        Key_Slow_Down = 1;//按键减速程序
  29   1        
  30   1        Key_Val = Key_Read();//读取按下的键值
  31   1        Key_Down = Key_Val & (Key_Val ^ Key_Old);//下降沿
  32   1        Key_Up = Key_Old & (Key_Val ^ Key_Old);//上升沿
  33   1        
  34   1        Key_Old = Key_Val;//辅助扫描
  35   1        switch(Key_Down)
  36   1        {
  37   2          case 1 : 
  38   2            if(Seg_Disp_Mode ==0)Sys_Flag = 1 ;
  39   2          break;
  40   2          case 2 : 
  41   2            if(Seg_Disp_Mode ==0)
  42   2            { 
  43   3              Time_Counter = Time_Buf[Time_Buf_Index];
  44   3              Sys_Flag = 0 ;
  45   3            }
  46   2          break;
  47   2          case 3 : 
  48   2            Seg_Disp_Mode ^=1 ;
  49   2            Time_Counter = Time_Buf[Time_Buf_Index];
  50   2          break;
  51   2          case 4 : 
  52   2            if((++Time_Buf_Index == 3) && (Seg_Disp_Mode ==1)) Time_Buf_Index = 0;
  53   2          break;
  54   2        }
C51 COMPILER V9.59.0.0   MAIN                                                              01/19/2026 19:30:45 PAGE 2   

  55   1      }
  56          
  57          /* 信息处理函数 */
  58          void Seg_Proc()
  59          {
  60   1        if (Seg_Slow_Down) return;
  61   1        Seg_Slow_Down =1 ;
  62   1        
  63   1        Seg_Buf[0] = Seg_Disp_Mode + 1;
  64   1        if(Seg_Disp_Mode == 0)
  65   1        {
  66   2          Seg_Buf[0] = Seg_Disp_Mode + 1;
  67   2          Seg_Buf[4] = Time_Counter /10 %10;
  68   2          Seg_Buf[5] = Time_Counter %10;
  69   2        }else
  70   1        {
  71   2          Seg_Set_Buf[0] = Seg_Disp_Mode + 1;
  72   2          if(Seg_Flag == 0) 
  73   2          {
  74   3            Seg_Set_Buf[4] = 10;
  75   3            Seg_Set_Buf[5] = 10;
  76   3          }else
  77   2          {
  78   3            Seg_Set_Buf[4] = Time_Counter /10 %10;
  79   3            Seg_Set_Buf[5] = Time_Counter %10;
  80   3          }
  81   2      
  82   2          
  83   2        }
  84   1      }
  85          
  86          /* 其他显示函数 */
  87          void Led_Proc()
  88          {
  89   1        if(Time_Counter == 0) 
  90   1        {
  91   2          P1 = 0x00;
  92   2          P2_3 = 0;
  93   2        }
  94   1        else
  95   1        {
  96   2          P1 = 0xff;
  97   2          P2_3 = 1;
  98   2        }
  99   1        
 100   1        
 101   1      }
 102          
 103          /* 定时器0中断初始化函数 */
 104          void Timer0Init(void)   //1毫秒@12.000MHz
 105          {
 106   1        TMOD &= 0xF0;   //设置定时器模式
 107   1        TMOD |= 0x01;   //设置定时器模式
 108   1        TL0 = 0x18;   //设置定时初始值
 109   1        TH0 = 0xFC;   //设置定时初始值
 110   1        TF0 = 0;    //清除TF0标志
 111   1        TR0 = 1;    //定时器0开始计时
 112   1        ET0 = 1;    //定时器0中断打开
 113   1        EA = 1;     //总中断打开
 114   1      }
 115          
 116          /* 定时器0中断服务函数 */
C51 COMPILER V9.59.0.0   MAIN                                                              01/19/2026 19:30:45 PAGE 3   

 117          void Timer0Server() interrupt 1
 118          {
 119   1        TL0 = 0x18;   //设置定时初始值
 120   1        TH0 = 0xFC;   //设置定时初始值   
 121   1        if(++Key_Slow_Down == 10) Key_Slow_Down = 0;//键盘减速专用
 122   1        if(++Seg_Slow_Down == 20) Seg_Slow_Down = 0;//数码管减速专用
 123   1        if(++Time500 == 500) 
 124   1        {
 125   2          Time500 = 0;//模式2数码管闪烁
 126   2          Seg_Flag ^= 1;
 127   2        }
 128   1        if(++Seg_Pos == 6) Seg_Pos = 0;//数码管显示专用
 129   1        if(++Seg_Point_Pos == 6) Seg_Point_Pos = 0;//数码管小数点显示专用
 130   1        if(Seg_Disp_Mode ==0)
 131   1        {
 132   2          Seg_Disp(Seg_Pos, Seg_Buf[Seg_Pos], Seg_Point[Seg_Point_Pos]);
 133   2        }else
 134   1        {
 135   2          Seg_Disp(Seg_Pos, Seg_Set_Buf[Seg_Pos], Seg_Point[Seg_Point_Pos]);
 136   2        }
 137   1        
 138   1        
 139   1        if (Sys_Flag == 1)
 140   1        {
 141   2          if(++Time == 1000)
 142   2          {
 143   3            Time = 0;
 144   3            Time_Counter --;
 145   3            if(Time_Counter ==255) Time_Counter = 0;
 146   3          }
 147   2          
 148   2        }
 149   1          
 150   1      
 151   1        
 152   1      }
 153          
 154          /* Main */
 155          void main()
 156          {
 157   1        Timer0Init();
 158   1        while (1)
 159   1        {
 160   2          Key_Proc();
 161   2          Seg_Proc();
 162   2          Led_Proc();
 163   2        }
 164   1      }


MODULE INFORMATION:   STATIC OVERLAYABLE
   CODE SIZE        =    434    ----
   CONSTANT SIZE    =   ----    ----
   XDATA SIZE       =   ----    ----
   PDATA SIZE       =   ----    ----
   DATA SIZE        =     37    ----
   IDATA SIZE       =   ----    ----
   BIT SIZE         =      2    ----
END OF MODULE INFORMATION.


C51 COMPILATION COMPLETE.  0 WARNING(S),  0 ERROR(S)
