C51 COMPILER V9.60.0.0   IIC                                                               04/04/2025 13:48:53 PAGE 1   


C51 COMPILER V9.60.0.0, COMPILATION OF MODULE IIC
OBJECT MODULE PLACED IN .\Objects\iic.obj
COMPILER INVOKED BY: D:\keil5\C51\BIN\C51.EXE ..\BSP\iic.c OPTIMIZE(8,SPEED) BROWSE DEBUG OBJECTEXTEND PRINT(.\Listings\
                    -iic.lst) TABS(2) OBJECT(.\Objects\iic.obj)

line level    source

   1          /*  #   I2Cä»£ç ç‰‡æ®µè¯´æ˜
   2            1.  æœ¬æ–‡ä»¶å¤¹ä¸­æä¾›çš„é©±åŠ¨ä»£ç ä¾›å‚èµ›é€‰æ‰‹å®Œæˆç¨‹åºè®¾è®¡å‚è€ƒã€‚
   3            2.  å‚èµ›é€‰æ‰‹å¯ä»¥è‡ªè¡Œç¼–å†™ç›¸å…³ä»£ç æˆ–ä»¥è¯¥ä»£ç ä¸ºåŸºç¡€ï¼Œæ ¹æ®æ‰€é€‰å•ç‰‡æœºç±»å‹ã€è¿
             -è¡Œé€Ÿåº¦å’Œè¯•é¢˜
   4              ä¸­å¯¹å•ç‰‡æœºæ—¶é’Ÿé¢‘ç‡çš„è¦æ±‚ï¼Œè¿›è¡Œä»£ç è°ƒè¯•å’Œä¿®æ”¹ã€‚
   5          */
   6          
   7          #define DELAY_TIME  5   //5
   8          #include "iic.h"
   9          #include <REGX52.H>
  10          
  11          //
  12          static void I2C_Delay(unsigned char n)
  13          {
  14   1          do
  15   1          {
  16   2              _nop_();
*** WARNING C206 IN LINE 16 OF ..\BSP\iic.c: '_nop_': missing function-prototype
*** ERROR C264 IN LINE 16 OF ..\BSP\iic.c: intrinsic '_nop_': declaration/activation error
  17   2                
  18   2          }
  19   1          while(i--); //æ­¤å¤„æœ‰æ›´æ”¹       
*** ERROR C202 IN LINE 19 OF ..\BSP\iic.c: 'i': undefined identifier
  20   1      }
  21          
  22          //
  23          void I2CStart(void)
  24          {
  25   1          sda = 1;
  26   1          scl = 1;
*** ERROR C202 IN LINE 26 OF ..\BSP\iic.c: 'scl': undefined identifier
  27   1        I2C_Delay(DELAY_TIME);
  28   1          sda = 0;
*** ERROR C202 IN LINE 28 OF ..\BSP\iic.c: 'sda': undefined identifier
  29   1        I2C_Delay(DELAY_TIME);
  30   1          scl = 0;    
*** ERROR C202 IN LINE 30 OF ..\BSP\iic.c: 'scl': undefined identifier
  31   1      }
  32          
  33          //
  34          void I2CStop(void)
  35          {
  36   1          sda = 0;
*** ERROR C202 IN LINE 36 OF ..\BSP\iic.c: 'sda': undefined identifier
  37   1          scl = 1;
*** ERROR C202 IN LINE 37 OF ..\BSP\iic.c: 'scl': undefined identifier
  38   1        I2C_Delay(DELAY_TIME);
  39   1          sda = 1;
*** ERROR C202 IN LINE 39 OF ..\BSP\iic.c: 'sda': undefined identifier
  40   1        I2C_Delay(DELAY_TIME);
  41   1      }
  42          
  43          //
  44          void I2CSendByte(unsigned char byt)
C51 COMPILER V9.60.0.0   IIC                                                               04/04/2025 13:48:53 PAGE 2   

  45          {
  46   1          unsigned char i;
  47   1        
  48   1          for(i=0; i<8; i++){
  49   2              scl = 0;
*** ERROR C202 IN LINE 49 OF ..\BSP\iic.c: 'scl': undefined identifier
  50   2          I2C_Delay(DELAY_TIME);
  51   2              if(byt & 0x80){
  52   3                  sda = 1;
*** ERROR C202 IN LINE 52 OF ..\BSP\iic.c: 'sda': undefined identifier
  53   3              }
  54   2              else{
  55   3                  sda = 0;
*** ERROR C202 IN LINE 55 OF ..\BSP\iic.c: 'sda': undefined identifier
  56   3              }
  57   2          I2C_Delay(DELAY_TIME);
  58   2              scl = 1;
*** ERROR C202 IN LINE 58 OF ..\BSP\iic.c: 'scl': undefined identifier
  59   2              byt <<= 1;
  60   2          I2C_Delay(DELAY_TIME);
  61   2          }
  62   1        
  63   1          scl = 0;  
*** ERROR C202 IN LINE 63 OF ..\BSP\iic.c: 'scl': undefined identifier
  64   1      }
  65          
  66          //
  67          unsigned char I2CReceiveByte(void)
  68          {
  69   1        unsigned char da;
  70   1        unsigned char i;
  71   1        for(i=0;i<8;i++){   
  72   2          scl = 1;
*** ERROR C202 IN LINE 72 OF ..\BSP\iic.c: 'scl': undefined identifier
  73   2          I2C_Delay(DELAY_TIME);
  74   2          da <<= 1;
  75   2          if(sda) 
*** ERROR C202 IN LINE 75 OF ..\BSP\iic.c: 'sda': undefined identifier
  76   2            da |= 0x01;
  77   2          scl = 0;
*** ERROR C202 IN LINE 77 OF ..\BSP\iic.c: 'scl': undefined identifier
  78   2          I2C_Delay(DELAY_TIME);
  79   2        }
  80   1        return da;    
  81   1      }
  82          
  83          //
  84          unsigned char I2CWaitAck(void)
  85          {
  86   1        unsigned char ackbit;
  87   1        
  88   1          scl = 1;
*** ERROR C202 IN LINE 88 OF ..\BSP\iic.c: 'scl': undefined identifier
  89   1        I2C_Delay(DELAY_TIME);
  90   1          ackbit = sda; 
*** ERROR C202 IN LINE 90 OF ..\BSP\iic.c: 'sda': undefined identifier
  91   1          scl = 0;
*** ERROR C202 IN LINE 91 OF ..\BSP\iic.c: 'scl': undefined identifier
  92   1        I2C_Delay(DELAY_TIME);
  93   1        
  94   1        return ackbit;
  95   1      }
C51 COMPILER V9.60.0.0   IIC                                                               04/04/2025 13:48:53 PAGE 3   

  96          
  97          //
  98          void I2CSendAck(unsigned char ackbit)
  99          {
 100   1          scl = 0;
*** ERROR C202 IN LINE 100 OF ..\BSP\iic.c: 'scl': undefined identifier
 101   1          sda = ackbit; 
*** ERROR C202 IN LINE 101 OF ..\BSP\iic.c: 'sda': undefined identifier
 102   1        I2C_Delay(DELAY_TIME);
 103   1          scl = 1;
*** ERROR C202 IN LINE 103 OF ..\BSP\iic.c: 'scl': undefined identifier
 104   1        I2C_Delay(DELAY_TIME);
 105   1          scl = 0; 
*** ERROR C202 IN LINE 105 OF ..\BSP\iic.c: 'scl': undefined identifier
 106   1        sda = 1;
*** ERROR C202 IN LINE 106 OF ..\BSP\iic.c: 'sda': undefined identifier
 107   1        I2C_Delay(DELAY_TIME);
 108   1      }
 109          

C51 COMPILATION COMPLETE.  1 WARNING(S),  24 ERROR(S)
