C51 COMPILER V9.60.0.0   ONEWIRE                                                           04/04/2025 13:48:54 PAGE 1   


C51 COMPILER V9.60.0.0, COMPILATION OF MODULE ONEWIRE
OBJECT MODULE PLACED IN .\Objects\onewire.obj
COMPILER INVOKED BY: D:\keil5\C51\BIN\C51.EXE ..\BSP\onewire.c OPTIMIZE(8,SPEED) BROWSE DEBUG OBJECTEXTEND PRINT(.\Listi
                    -ngs\onewire.lst) TABS(2) OBJECT(.\Objects\onewire.obj)

line level    source

   1          /*  #   å•æ€»çº¿ä»£ç ç‰‡æ®µè¯´æ˜
   2            1.  æœ¬æ–‡ä»¶å¤¹ä¸­æä¾›çš„é©±åŠ¨ä»£ç ä¾›å‚èµ›é€‰æ‰‹å®Œæˆç¨‹åºè®¾è®¡å‚è€ƒã€‚
   3            2.  å‚èµ›é€‰æ‰‹å¯ä»¥è‡ªè¡Œç¼–å†™ç›¸å…³ä»£ç æˆ–ä»¥è¯¥ä»£ç ä¸ºåŸºç¡€ï¼Œæ ¹æ®æ‰€é€‰å•ç‰‡æœºç±»å‹ã€è¿
             -è¡Œé€Ÿåº¦å’Œè¯•é¢˜
   4              ä¸­å¯¹å•ç‰‡æœºæ—¶é’Ÿé¢‘ç‡çš„è¦æ±‚ï¼Œè¿›è¡Œä»£ç è°ƒè¯•å’Œä¿®æ”¹ã€‚
   5          */
   6          #include "onewire.h"
   7          #include <REGX52.H>
   8          
   9          //
  10          void Delay_OneWire(unsigned int t)  
  11          {
  12   1        unsigned char i;
  13   1        while(t--){
  14   2          for(i=0;i<12;i++);
  15   2        }
  16   1      }
  17          
  18          //
  19          void Write_DS18B20(unsigned char dat)
  20          {
  21   1        unsigned char i;
  22   1        for(i=0;i<8;i++)
  23   1        {
  24   2          DQ = 0;
*** ERROR C202 IN LINE 24 OF ..\BSP\onewire.c: 'DQ': undefined identifier
  25   2          DQ = dat&0x01;
*** ERROR C202 IN LINE 25 OF ..\BSP\onewire.c: 'DQ': undefined identifier
  26   2          Delay_OneWire(5);
  27   2          DQ = 1;
*** ERROR C202 IN LINE 27 OF ..\BSP\onewire.c: 'DQ': undefined identifier
  28   2          dat >>= 1;
  29   2        }
  30   1        Delay_OneWire(5);
  31   1      }
  32          
  33          //
  34          unsigned char Read_DS18B20(void)
  35          {
  36   1        unsigned char i;
  37   1        unsigned char dat;
  38   1        
  39   1        for(i=0;i<8;i++)
  40   1        {
  41   2          DQ = 0;
*** ERROR C202 IN LINE 41 OF ..\BSP\onewire.c: 'DQ': undefined identifier
  42   2          dat >>= 1;
  43   2          DQ = 1;
*** ERROR C202 IN LINE 43 OF ..\BSP\onewire.c: 'DQ': undefined identifier
  44   2          if(DQ)
*** ERROR C202 IN LINE 44 OF ..\BSP\onewire.c: 'DQ': undefined identifier
  45   2          {
  46   3            dat |= 0x80;
  47   3          }     
C51 COMPILER V9.60.0.0   ONEWIRE                                                           04/04/2025 13:48:54 PAGE 2   

  48   2          Delay_OneWire(5);
  49   2        }
  50   1        return dat;
  51   1      }
  52          
  53          //
  54          bit init_ds18b20(void)
  55          {
  56   1          bit initflag = 0;
  57   1          
  58   1          DQ = 1;
*** ERROR C202 IN LINE 58 OF ..\BSP\onewire.c: 'DQ': undefined identifier
  59   1          Delay_OneWire(12);
  60   1          DQ = 0;
*** ERROR C202 IN LINE 60 OF ..\BSP\onewire.c: 'DQ': undefined identifier
  61   1          Delay_OneWire(80);
  62   1          DQ = 1;
*** ERROR C202 IN LINE 62 OF ..\BSP\onewire.c: 'DQ': undefined identifier
  63   1          Delay_OneWire(10); 
  64   1          initflag = DQ;     
*** ERROR C202 IN LINE 64 OF ..\BSP\onewire.c: 'DQ': undefined identifier
  65   1          Delay_OneWire(5);
  66   1        
  67   1          return initflag;
  68   1      }

C51 COMPILATION COMPLETE.  0 WARNING(S),  10 ERROR(S)
